<?xml version='1.0' encoding='UTF-8' ?>
<testsuite name="com.mydoc.test.HomeActivityTest" tests="1" failures="1" errors="0" time="4.234" timestamp="2013-11-18T15:19:13" hostname="localhost">
  <properties device="GT-P3100 - 4.0.4" flavor="Main" project="myDoc" />
  <testcase name="testAddValues" classname="com.mydoc.test.HomeActivityTest" time="4.213">
    <failure>junit.framework.AssertionFailedError: Add result should be 98
at com.mydoc.test.HomeActivityTest.testAddValues(HomeActivityTest.java:37)
at java.lang.reflect.Method.invokeNative(Native Method)
at android.test.InstrumentationTestCase.runMethod(InstrumentationTestCase.java:214)
at android.test.InstrumentationTestCase.runTest(InstrumentationTestCase.java:199)
at android.test.ActivityInstrumentationTestCase2.runTest(ActivityInstrumentationTestCase2.java:192)
at android.test.AndroidTestRunner.runTest(AndroidTestRunner.java:169)
at android.test.AndroidTestRunner.runTest(AndroidTestRunner.java:154)
at android.test.InstrumentationTestRunner.onStart(InstrumentationTestRunner.java:545)
at android.app.Instrumentation$InstrumentationThread.run(Instrumentation.java:1575)
</failure>
  </testcase>
</testsuite>